Using pre-set license
Built from '2020.3/release' branch; Version is '2020.3.7f1 (dd97f2c94397) revision 14522354'; Using compiler version '192528614'; Build Type 'Release'
OS: 'Windows 10 Home; OS build 19042.1466; Version 2009; 64bit' Language: 'en' Physical Memory: 6082 MB
BatchMode: 1, IsHumanControllingUs: 0, StartBugReporterOnCrash: 0, Is64bit: 1, IsPro: 0

 COMMAND LINE ARGUMENTS:
C:\Program Files\Unity\Hub\Editor\2020.3.7f1\Editor\Unity.exe
-adb2
-batchMode
-noUpm
-name
AssetImportWorker0
-projectPath
C:/Users/noahw/Documents/GitHub/ClubbTupp/ClubTupp_clone_0
-logFile
Logs/AssetImportWorker0.log
-srvPort
49411
Successfully changed project path to: C:/Users/noahw/Documents/GitHub/ClubbTupp/ClubTupp_clone_0
C:/Users/noahw/Documents/GitHub/ClubbTupp/ClubTupp_clone_0
Using Asset Import Pipeline V2.
Refreshing native plugins compatible for Editor in 150.51 ms, found 1 plugins.
Preloading 0 native plugins for Editor in 0.00 ms.
Initialize engine version: 2020.3.7f1 (dd97f2c94397)
[Subsystems] Discovering subsystems at path C:/Program Files/Unity/Hub/Editor/2020.3.7f1/Editor/Data/Resources/UnitySubsystems
[Subsystems] Discovering subsystems at path C:/Users/noahw/Documents/GitHub/ClubbTupp/ClubTupp_clone_0/Assets
GfxDevice: creating device client; threaded=0
Direct3D:
    Version:  Direct3D 11.0 [level 11.1]
    Renderer: AMD Radeon(TM) Vega 8 Graphics (ID=0x15d8)
    Vendor:   
    VRAM:     3041 MB
    Driver:   30.0.13023.1012
Initialize mono
Mono path[0] = 'C:/Program Files/Unity/Hub/Editor/2020.3.7f1/Editor/Data/Managed'
Mono path[1] = 'C:/Program Files/Unity/Hub/Editor/2020.3.7f1/Editor/Data/MonoBleedingEdge/lib/mono/unityjit'
Mono config path = 'C:/Program Files/Unity/Hub/Editor/2020.3.7f1/Editor/Data/MonoBleedingEdge/etc'
Using monoOptions --debugger-agent=transport=dt_socket,embedding=1,server=y,suspend=n,address=127.0.0.1:56968
Begin MonoManager ReloadAssembly
Registering precompiled unity dll's ...
Register platform support module: C:/Program Files/Unity/Hub/Editor/2020.3.7f1/Editor/Data/PlaybackEngines/WebGLSupport/UnityEditor.WebGL.Extensions.dll
Register platform support module: C:/Program Files/Unity/Hub/Editor/2020.3.7f1/Editor/Data/PlaybackEngines/WindowsStandaloneSupport/UnityEditor.WindowsStandalone.Extensions.dll
Registered in 0.006343 seconds.
Native extension for WindowsStandalone target not found
Native extension for WebGL target not found
Refreshing native plugins compatible for Editor in 116.83 ms, found 1 plugins.
Preloading 0 native plugins for Editor in 0.00 ms.
Mono: successfully reloaded assembly
- Completed reload, in  5.300 seconds
Platform modules already initialized, skipping
Registering precompiled user dll's ...
Registered in 0.024642 seconds.
Begin MonoManager ReloadAssembly
Native extension for WindowsStandalone target not found
Native extension for WebGL target not found
Refreshing native plugins compatible for Editor in 1.57 ms, found 1 plugins.
Preloading 0 native plugins for Editor in 0.00 ms.
Mono: successfully reloaded assembly
- Completed reload, in  4.459 seconds
Platform modules already initialized, skipping
========================================================================
Worker process is ready to serve import requests
Launched and connected shader compiler UnityShaderCompiler.exe after 0.19 seconds
Refreshing native plugins compatible for Editor in 1.96 ms, found 1 plugins.
Preloading 0 native plugins for Editor in 0.00 ms.
Unloading 2819 Unused Serialized files (Serialized files now loaded: 0)
System memory in use before: 125.7 MB.
System memory in use after: 125.9 MB.

Unloading 36 unused Assets to reduce memory usage. Loaded Objects now: 3251.
Total: 8.146100 ms (FindLiveObjects: 0.779700 ms CreateObjectMapping: 0.465900 ms MarkObjects: 6.678700 ms  DeleteObjects: 0.218300 ms)

========================================================================
Received Import Request.
  path: Assets/_Prefabs/Player/Clothes Inventory UI.prefab
  artifactKey: Guid(3766cb1a415313b488778728f135af21) Importer(815301076,1909f56bfc062723c751e8b465ee728b)
Start importing Assets/_Prefabs/Player/Clothes Inventory UI.prefab using Guid(3766cb1a415313b488778728f135af21) Importer(815301076,1909f56bfc062723c751e8b465ee728b)  -> (artifact id: 'e696484b8e655bb6735e3f66fff8fcd4') in 0.458070 seconds
  Import took 0.472043 seconds .

========================================================================
Received Import Request.
  Time since last request: 0.000704 seconds.
  path: Assets/_Prefabs
  artifactKey: Guid(a3f44c223608073459cd9bf4911020c5) Importer(815301076,1909f56bfc062723c751e8b465ee728b)
Start importing Assets/_Prefabs using Guid(a3f44c223608073459cd9bf4911020c5) Importer(815301076,1909f56bfc062723c751e8b465ee728b)  -> (artifact id: '0c112e37d68118c9433c0732440cb102') in 0.029551 seconds
  Import took 0.040738 seconds .

========================================================================
Received Import Request.
  Time since last request: 0.000687 seconds.
  path: Assets/_Prefabs/Player/Player.prefab
  artifactKey: Guid(873bbf5fa9e3af040ae1d3183dd5aeee) Importer(815301076,1909f56bfc062723c751e8b465ee728b)
Start importing Assets/_Prefabs/Player/Player.prefab using Guid(873bbf5fa9e3af040ae1d3183dd5aeee) Importer(815301076,1909f56bfc062723c751e8b465ee728b)  -> (artifact id: 'a009e39ab058b49d46ed581736532e96') in 0.595965 seconds
  Import took 0.612952 seconds .

AssetImportWorkerClient::OnTransportError - code=2 error=End of file
